00:16:44.248 [restartedMain] INFO  co.intella.camel.Application - Starting Application on catchhost with PID 13790 (/Users/catch/Documents/workspace-se/CamelCase/target/classes started by catch in /Users/catch/Documents/workspace-se/CamelCase)
00:16:44.257 [restartedMain] INFO  co.intella.camel.Application - No active profile set, falling back to default profiles: default
00:16:44.317 [restartedMain] INFO  org.springframework.boot.web.servlet.context.AnnotationConfigServletWebServerApplicationContext - Refreshing org.springframework.boot.web.servlet.context.AnnotationConfigServletWebServerApplicationContext@32ae479b: startup date [Mon May 04 00:16:44 CST 2020]; root of context hierarchy
00:16:44.841 [restartedMain] INFO  org.springframework.beans.factory.support.DefaultListableBeanFactory - Overriding bean definition for bean 'websocketContainerCustomizer' with a different definition: replacing [Root bean: class [null]; scope=; abstract=false; lazyInit=false; autowireMode=3; dependencyCheck=0; autowireCandidate=true; primary=false; factoryBeanName=org.springframework.boot.autoconfigure.websocket.servlet.WebSocketServletAutoConfiguration$UndertowWebSocketConfiguration; factoryMethodName=websocketContainerCustomizer; initMethodName=null; destroyMethodName=(inferred); defined in class path resource [org/springframework/boot/autoconfigure/websocket/servlet/WebSocketServletAutoConfiguration$UndertowWebSocketConfiguration.class]] with [Root bean: class [null]; scope=; abstract=false; lazyInit=false; autowireMode=3; dependencyCheck=0; autowireCandidate=true; primary=false; factoryBeanName=org.springframework.boot.autoconfigure.websocket.servlet.WebSocketServletAutoConfiguration$TomcatWebSocketConfiguration; factoryMethodName=websocketContainerCustomizer; initMethodName=null; destroyMethodName=(inferred); defined in class path resource [org/springframework/boot/autoconfigure/websocket/servlet/WebSocketServletAutoConfiguration$TomcatWebSocketConfiguration.class]]
00:16:45.430 [restartedMain] INFO  org.springframework.context.support.PostProcessorRegistrationDelegate$BeanPostProcessorChecker - Bean 'org.apache.camel.spring.boot.CamelAutoConfiguration' of type [org.apache.camel.spring.boot.CamelAutoConfiguration$$EnhancerBySpringCGLIB$$bade3fe8] is not eligible for getting processed by all BeanPostProcessors (for example: not eligible for auto-proxying)
00:16:45.440 [restartedMain] INFO  org.springframework.context.support.PostProcessorRegistrationDelegate$BeanPostProcessorChecker - Bean 'org.springframework.transaction.annotation.ProxyTransactionManagementConfiguration' of type [org.springframework.transaction.annotation.ProxyTransactionManagementConfiguration$$EnhancerBySpringCGLIB$$98b479c9] is not eligible for getting processed by all BeanPostProcessors (for example: not eligible for auto-proxying)
00:16:45.830 [restartedMain] INFO  org.springframework.boot.web.embedded.tomcat.TomcatWebServer - Tomcat initialized with port(s): 8080 (http)
00:16:45.838 [restartedMain] INFO  org.apache.coyote.http11.Http11NioProtocol - Initializing ProtocolHandler ["http-nio-8080"]
00:16:45.845 [restartedMain] INFO  org.apache.catalina.core.StandardService - Starting service [Tomcat]
00:16:45.845 [restartedMain] INFO  org.apache.catalina.core.StandardEngine - Starting Servlet Engine: Apache Tomcat/8.5.32
00:16:45.848 [localhost-startStop-1] INFO  org.apache.catalina.core.AprLifecycleListener - The APR based Apache Tomcat Native library which allows optimal performance in production environments was not found on the java.library.path: [/Users/catch/Library/Java/Extensions:/Library/Java/Extensions:/Network/Library/Java/Extensions:/System/Library/Java/Extensions:/usr/lib/java:.]
00:16:45.907 [localhost-startStop-1] INFO  org.apache.catalina.core.ContainerBase.[Tomcat].[localhost].[/] - Initializing Spring embedded WebApplicationContext
00:16:45.907 [localhost-startStop-1] INFO  org.springframework.web.context.ContextLoader - Root WebApplicationContext: initialization completed in 1592 ms
00:16:46.205 [localhost-startStop-1] INFO  org.apache.camel.impl.converter.DefaultTypeConverter - Type converters loaded (core: 195, classpath: 22)
00:16:47.576 [localhost-startStop-1] INFO  org.springframework.boot.web.servlet.FilterRegistrationBean - Mapping filter: 'characterEncodingFilter' to: [/*]
00:16:47.577 [localhost-startStop-1] INFO  org.springframework.boot.web.servlet.FilterRegistrationBean - Mapping filter: 'webMvcMetricsFilter' to: [/*]
00:16:47.577 [localhost-startStop-1] INFO  org.springframework.boot.web.servlet.FilterRegistrationBean - Mapping filter: 'hiddenHttpMethodFilter' to: [/*]
00:16:47.577 [localhost-startStop-1] INFO  org.springframework.boot.web.servlet.FilterRegistrationBean - Mapping filter: 'httpPutFormContentFilter' to: [/*]
00:16:47.577 [localhost-startStop-1] INFO  org.springframework.boot.web.servlet.FilterRegistrationBean - Mapping filter: 'requestContextFilter' to: [/*]
00:16:47.577 [localhost-startStop-1] INFO  org.springframework.boot.web.servlet.FilterRegistrationBean - Mapping filter: 'httpTraceFilter' to: [/*]
00:16:47.577 [localhost-startStop-1] INFO  org.springframework.boot.web.servlet.ServletRegistrationBean - Servlet CamelServlet mapped to [/case/*]
00:16:47.578 [localhost-startStop-1] INFO  org.springframework.boot.web.servlet.ServletRegistrationBean - Servlet dispatcherServlet mapped to [/]
00:16:47.578 [localhost-startStop-1] INFO  org.springframework.boot.web.servlet.ServletRegistrationBean - Servlet CamelServlet mapped to [/case]
00:16:47.579 [localhost-startStop-1] INFO  org.springframework.boot.web.servlet.RegistrationBean - Servlet CamelServlet was not registered (possibly already registered?)
00:16:47.830 [restartedMain] INFO  org.springframework.web.servlet.handler.SimpleUrlHandlerMapping - Mapped URL path [/**/favicon.ico] onto handler of type [class org.springframework.web.servlet.resource.ResourceHttpRequestHandler]
00:16:48.030 [restartedMain] INFO  org.springframework.web.servlet.mvc.method.annotation.RequestMappingHandlerAdapter - Looking for @ControllerAdvice: org.springframework.boot.web.servlet.context.AnnotationConfigServletWebServerApplicationContext@32ae479b: startup date [Mon May 04 00:16:44 CST 2020]; root of context hierarchy
00:16:48.072 [restartedMain] INFO  org.springframework.web.servlet.mvc.method.annotation.RequestMappingHandlerMapping - Mapped "{[/error]}" onto public org.springframework.http.ResponseEntity<java.util.Map<java.lang.String, java.lang.Object>> org.springframework.boot.autoconfigure.web.servlet.error.BasicErrorController.error(javax.servlet.http.HttpServletRequest)
00:16:48.073 [restartedMain] INFO  org.springframework.web.servlet.mvc.method.annotation.RequestMappingHandlerMapping - Mapped "{[/error],produces=[text/html]}" onto public org.springframework.web.servlet.ModelAndView org.springframework.boot.autoconfigure.web.servlet.error.BasicErrorController.errorHtml(javax.servlet.http.HttpServletRequest,javax.servlet.http.HttpServletResponse)
00:16:48.101 [restartedMain] INFO  org.springframework.web.servlet.handler.SimpleUrlHandlerMapping - Mapped URL path [/webjars/**] onto handler of type [class org.springframework.web.servlet.resource.ResourceHttpRequestHandler]
00:16:48.101 [restartedMain] INFO  org.springframework.web.servlet.handler.SimpleUrlHandlerMapping - Mapped URL path [/**] onto handler of type [class org.springframework.web.servlet.resource.ResourceHttpRequestHandler]
00:16:48.653 [restartedMain] INFO  org.springframework.boot.devtools.autoconfigure.OptionalLiveReloadServer - LiveReload server is running on port 35729
00:16:48.665 [restartedMain] INFO  org.springframework.boot.actuate.endpoint.web.EndpointLinksResolver - Exposing 2 endpoint(s) beneath base path '/actuator'
00:16:48.673 [restartedMain] INFO  org.springframework.boot.actuate.endpoint.web.servlet.WebMvcEndpointHandlerMapping - Mapped "{[/actuator/health],methods=[GET],produces=[application/vnd.spring-boot.actuator.v2+json || application/json]}" onto public java.lang.Object org.springframework.boot.actuate.endpoint.web.servlet.AbstractWebMvcEndpointHandlerMapping$OperationHandler.handle(javax.servlet.http.HttpServletRequest,java.util.Map<java.lang.String, java.lang.String>)
00:16:48.673 [restartedMain] INFO  org.springframework.boot.actuate.endpoint.web.servlet.WebMvcEndpointHandlerMapping - Mapped "{[/actuator/info],methods=[GET],produces=[application/vnd.spring-boot.actuator.v2+json || application/json]}" onto public java.lang.Object org.springframework.boot.actuate.endpoint.web.servlet.AbstractWebMvcEndpointHandlerMapping$OperationHandler.handle(javax.servlet.http.HttpServletRequest,java.util.Map<java.lang.String, java.lang.String>)
00:16:48.674 [restartedMain] INFO  org.springframework.boot.actuate.endpoint.web.servlet.WebMvcEndpointHandlerMapping - Mapped "{[/actuator],methods=[GET],produces=[application/vnd.spring-boot.actuator.v2+json || application/json]}" onto protected java.util.Map<java.lang.String, java.util.Map<java.lang.String, org.springframework.boot.actuate.endpoint.web.Link>> org.springframework.boot.actuate.endpoint.web.servlet.WebMvcEndpointHandlerMapping.links(javax.servlet.http.HttpServletRequest,javax.servlet.http.HttpServletResponse)
00:16:48.737 [restartedMain] INFO  org.springframework.jmx.export.annotation.AnnotationMBeanExporter - Registering beans for JMX exposure on startup
00:16:48.776 [restartedMain] INFO  org.apache.camel.spring.boot.RoutesCollector - Loading additional Camel XML routes from: classpath:camel/*.xml
00:16:48.776 [restartedMain] INFO  org.apache.camel.spring.boot.RoutesCollector - Loading additional Camel XML rests from: classpath:camel-rest/*.xml
00:16:48.777 [restartedMain] INFO  org.apache.camel.spring.SpringCamelContext - Apache Camel 2.22.1 (CamelContext: CamelCase) is starting
00:16:48.778 [restartedMain] INFO  org.apache.camel.management.ManagedManagementStrategy - JMX is enabled
00:16:49.024 [restartedMain] INFO  org.apache.camel.spring.SpringCamelContext - StreamCaching is not in use. If using streams then its recommended to enable stream caching. See more details at http://camel.apache.org/stream-caching.html
00:16:49.095 [restartedMain] INFO  org.apache.camel.component.netty4.http.HttpServerBootstrapFactory - BootstrapFactory on port 8080 is using bootstrap configuration: [NettyServerBootstrapConfiguration{protocol='http', host='localhost', port=8080, broadcast=false, sendBufferSize=65536, receiveBufferSize=65536, receiveBufferSizePredictor=0, workerCount=0, bossCount=1, keepAlive=true, tcpNoDelay=true, reuseAddress=true, connectTimeout=10000, backlog=0, serverInitializerFactory=org.apache.camel.component.netty4.http.HttpServerInitializerFactory@505bf7e4, nettyServerBootstrapFactory=null, options=null, ssl=false, sslHandler=null, sslContextParameters='null', needClientAuth=false, enabledProtocols='TLSv1,TLSv1.1,TLSv1.2, keyStoreFile=null, trustStoreFile=null, keyStoreResource='null', trustStoreResource='null', keyStoreFormat='JKS', securityProvider='SunX509', passphrase='null', bossGroup=null, workerGroup=null, networkInterface='null', reconnect='true', reconnectInterval='10000'}]
00:16:49.118 [restartedMain] INFO  org.apache.camel.component.jackson.JacksonDataFormat - Found single ObjectMapper in Registry to use: com.fasterxml.jackson.databind.ObjectMapper@195ca646
00:16:49.118 [restartedMain] INFO  org.apache.camel.component.jackson.JacksonDataFormat - Found single ObjectMapper in Registry to use: com.fasterxml.jackson.databind.ObjectMapper@195ca646
00:16:49.119 [restartedMain] INFO  org.apache.camel.component.jackson.JacksonDataFormat - Found single ObjectMapper in Registry to use: com.fasterxml.jackson.databind.ObjectMapper@195ca646
00:16:49.119 [restartedMain] INFO  org.apache.camel.component.jackson.JacksonDataFormat - Found single ObjectMapper in Registry to use: com.fasterxml.jackson.databind.ObjectMapper@195ca646
00:16:49.119 [restartedMain] INFO  org.apache.camel.component.jackson.JacksonDataFormat - Found single ObjectMapper in Registry to use: com.fasterxml.jackson.databind.ObjectMapper@195ca646
00:16:49.120 [restartedMain] INFO  org.apache.camel.component.jackson.JacksonDataFormat - Found single ObjectMapper in Registry to use: com.fasterxml.jackson.databind.ObjectMapper@195ca646
00:16:49.121 [restartedMain] INFO  org.apache.camel.spring.SpringCamelContext - Route: route5 started and consuming from: direct://mylog
00:16:49.138 [restartedMain] INFO  org.apache.camel.component.netty4.SingleTCPNettyServerBootstrapFactory - ServerBootstrap binding to localhost:8080
00:16:49.189 [restartedMain] INFO  org.apache.camel.component.netty4.NettyConsumer - Netty consumer bound to: localhost:8080
00:16:49.191 [restartedMain] INFO  org.apache.camel.spring.SpringCamelContext - Route: route1 started and consuming from: http://localhost:8080/api/selectByBean?httpMethodRestrict=GET
00:16:49.192 [restartedMain] INFO  org.apache.camel.component.netty4.NettyConsumer - Netty consumer bound to: localhost:8080
00:16:49.192 [restartedMain] INFO  org.apache.camel.spring.SpringCamelContext - Route: route2 started and consuming from: http://localhost:8080/api/selectByBean/%7Bid%7D?httpMethodRestrict=GET
00:16:49.192 [restartedMain] INFO  org.apache.camel.component.netty4.NettyConsumer - Netty consumer bound to: localhost:8080
00:16:49.192 [restartedMain] INFO  org.apache.camel.spring.SpringCamelContext - Route: route3 started and consuming from: http://localhost:8080/api/selectById?httpMethodRestrict=GET
00:16:49.193 [restartedMain] INFO  org.apache.camel.component.netty4.NettyConsumer - Netty consumer bound to: localhost:8080
00:16:49.193 [restartedMain] INFO  org.apache.camel.spring.SpringCamelContext - Route: route4 started and consuming from: http://localhost:8080/case?httpMethodRestrict=GET
00:16:49.194 [restartedMain] INFO  org.apache.camel.spring.SpringCamelContext - Total 5 routes, of which 5 are started
00:16:49.194 [restartedMain] INFO  org.apache.camel.spring.SpringCamelContext - Apache Camel 2.22.1 (CamelContext: CamelCase) started in 0.417 seconds
00:16:49.202 [restartedMain] INFO  org.apache.coyote.http11.Http11NioProtocol - Starting ProtocolHandler ["http-nio-8080"]
00:16:49.203 [restartedMain] INFO  org.apache.tomcat.util.net.NioSelectorPool - Using a shared selector for servlet write/read
00:16:49.215 [restartedMain] INFO  org.springframework.boot.web.embedded.tomcat.TomcatWebServer - Tomcat started on port(s): 8080 (http) with context path ''
00:16:49.218 [restartedMain] INFO  co.intella.camel.Application - Started Application in 5.141 seconds (JVM running for 5.784)
00:18:03.493 [http-nio-8080-exec-1] INFO  org.apache.camel.component.servlet.CamelHttpTransportServlet - Initialized CamelHttpTransportServlet[name=CamelServlet, contextPath=]
00:18:03.533 [http-nio-8080-exec-1] INFO  org.apache.catalina.core.ContainerBase.[Tomcat].[localhost].[/] - Initializing Spring FrameworkServlet 'dispatcherServlet'
00:18:03.533 [http-nio-8080-exec-1] INFO  org.springframework.web.servlet.DispatcherServlet - FrameworkServlet 'dispatcherServlet': initialization started
00:18:03.547 [http-nio-8080-exec-1] INFO  org.springframework.web.servlet.DispatcherServlet - FrameworkServlet 'dispatcherServlet': initialization completed in 14 ms
00:20:40.697 [Thread-9] INFO  org.springframework.boot.web.servlet.context.AnnotationConfigServletWebServerApplicationContext - Closing org.springframework.boot.web.servlet.context.AnnotationConfigServletWebServerApplicationContext@32ae479b: startup date [Mon May 04 00:16:44 CST 2020]; root of context hierarchy
00:20:40.700 [Thread-9] INFO  org.springframework.context.support.DefaultLifecycleProcessor - Stopping beans in phase 2147483647
00:20:40.701 [Thread-9] INFO  org.apache.camel.spring.SpringCamelContext - Apache Camel 2.22.1 (CamelContext: CamelCase) is shutting down
00:20:40.701 [Thread-9] INFO  org.apache.camel.impl.DefaultShutdownStrategy - Starting to graceful shutdown 5 routes (timeout 300 seconds)
00:20:40.703 [Camel (CamelCase) thread #4 - ShutdownTask] INFO  org.apache.camel.component.netty4.NettyConsumer - Netty consumer unbound from: localhost:8080
00:20:40.704 [Camel (CamelCase) thread #4 - ShutdownTask] INFO  org.apache.camel.impl.DefaultShutdownStrategy - Route: route4 shutdown complete, was consuming from: http://localhost:8080/case?httpMethodRestrict=GET
00:20:40.704 [Camel (CamelCase) thread #4 - ShutdownTask] INFO  org.apache.camel.component.netty4.NettyConsumer - Netty consumer unbound from: localhost:8080
00:20:40.704 [Camel (CamelCase) thread #4 - ShutdownTask] INFO  org.apache.camel.impl.DefaultShutdownStrategy - Route: route3 shutdown complete, was consuming from: http://localhost:8080/api/selectById?httpMethodRestrict=GET
00:20:40.704 [Camel (CamelCase) thread #4 - ShutdownTask] INFO  org.apache.camel.component.netty4.NettyConsumer - Netty consumer unbound from: localhost:8080
00:20:40.704 [Camel (CamelCase) thread #4 - ShutdownTask] INFO  org.apache.camel.impl.DefaultShutdownStrategy - Route: route2 shutdown complete, was consuming from: http://localhost:8080/api/selectByBean/%7Bid%7D?httpMethodRestrict=GET
00:20:40.704 [Camel (CamelCase) thread #4 - ShutdownTask] INFO  org.apache.camel.component.netty4.SingleTCPNettyServerBootstrapFactory - ServerBootstrap unbinding from localhost:8080
00:20:40.710 [Camel (CamelCase) thread #4 - ShutdownTask] INFO  org.apache.camel.component.netty4.NettyConsumer - Netty consumer unbound from: localhost:8080
00:20:40.710 [Camel (CamelCase) thread #4 - ShutdownTask] INFO  org.apache.camel.impl.DefaultShutdownStrategy - Route: route1 shutdown complete, was consuming from: http://localhost:8080/api/selectByBean?httpMethodRestrict=GET
00:20:40.711 [Camel (CamelCase) thread #4 - ShutdownTask] INFO  org.apache.camel.impl.DefaultShutdownStrategy - Route: route5 shutdown complete, was consuming from: direct://mylog
00:20:40.711 [Thread-9] INFO  org.apache.camel.impl.DefaultShutdownStrategy - Graceful shutdown of 5 routes completed in 0 seconds
00:20:40.724 [Thread-9] INFO  org.apache.camel.spring.SpringCamelContext - Apache Camel 2.22.1 (CamelContext: CamelCase) uptime 3 minutes
00:20:40.724 [Thread-9] INFO  org.apache.camel.spring.SpringCamelContext - Apache Camel 2.22.1 (CamelContext: CamelCase) is shutdown in 0.023 seconds
00:20:40.725 [Thread-9] INFO  org.springframework.jmx.export.annotation.AnnotationMBeanExporter - Unregistering JMX-exposed beans on shutdown
00:20:40.787 [localhost-startStop-2] INFO  org.apache.camel.component.servlet.CamelHttpTransportServlet - Destroyed CamelHttpTransportServlet[CamelServlet]
00:20:41.030 [restartedMain] INFO  co.intella.camel.Application - Starting Application on catchhost with PID 13790 (/Users/catch/Documents/workspace-se/CamelCase/target/classes started by catch in /Users/catch/Documents/workspace-se/CamelCase)
00:20:41.030 [restartedMain] INFO  co.intella.camel.Application - No active profile set, falling back to default profiles: default
00:20:41.033 [restartedMain] INFO  org.springframework.boot.web.servlet.context.AnnotationConfigServletWebServerApplicationContext - Refreshing org.springframework.boot.web.servlet.context.AnnotationConfigServletWebServerApplicationContext@78aa406a: startup date [Mon May 04 00:20:41 CST 2020]; root of context hierarchy
00:20:41.326 [restartedMain] INFO  org.springframework.beans.factory.support.DefaultListableBeanFactory - Overriding bean definition for bean 'websocketContainerCustomizer' with a different definition: replacing [Root bean: class [null]; scope=; abstract=false; lazyInit=false; autowireMode=3; dependencyCheck=0; autowireCandidate=true; primary=false; factoryBeanName=org.springframework.boot.autoconfigure.websocket.servlet.WebSocketServletAutoConfiguration$UndertowWebSocketConfiguration; factoryMethodName=websocketContainerCustomizer; initMethodName=null; destroyMethodName=(inferred); defined in class path resource [org/springframework/boot/autoconfigure/websocket/servlet/WebSocketServletAutoConfiguration$UndertowWebSocketConfiguration.class]] with [Root bean: class [null]; scope=; abstract=false; lazyInit=false; autowireMode=3; dependencyCheck=0; autowireCandidate=true; primary=false; factoryBeanName=org.springframework.boot.autoconfigure.websocket.servlet.WebSocketServletAutoConfiguration$TomcatWebSocketConfiguration; factoryMethodName=websocketContainerCustomizer; initMethodName=null; destroyMethodName=(inferred); defined in class path resource [org/springframework/boot/autoconfigure/websocket/servlet/WebSocketServletAutoConfiguration$TomcatWebSocketConfiguration.class]]
00:20:41.499 [restartedMain] INFO  org.springframework.context.support.PostProcessorRegistrationDelegate$BeanPostProcessorChecker - Bean 'org.apache.camel.spring.boot.CamelAutoConfiguration' of type [org.apache.camel.spring.boot.CamelAutoConfiguration$$EnhancerBySpringCGLIB$$bade3fe8] is not eligible for getting processed by all BeanPostProcessors (for example: not eligible for auto-proxying)
00:20:41.504 [restartedMain] INFO  org.springframework.context.support.PostProcessorRegistrationDelegate$BeanPostProcessorChecker - Bean 'org.springframework.transaction.annotation.ProxyTransactionManagementConfiguration' of type [org.springframework.transaction.annotation.ProxyTransactionManagementConfiguration$$EnhancerBySpringCGLIB$$98b479c9] is not eligible for getting processed by all BeanPostProcessors (for example: not eligible for auto-proxying)
00:20:41.582 [restartedMain] INFO  org.springframework.boot.web.embedded.tomcat.TomcatWebServer - Tomcat initialized with port(s): 8080 (http)
00:20:41.582 [restartedMain] INFO  org.apache.coyote.http11.Http11NioProtocol - Initializing ProtocolHandler ["http-nio-8080"]
00:20:41.582 [restartedMain] INFO  org.apache.catalina.core.StandardService - Starting service [Tomcat]
00:20:41.583 [restartedMain] INFO  org.apache.catalina.core.StandardEngine - Starting Servlet Engine: Apache Tomcat/8.5.32
00:20:41.590 [localhost-startStop-1] INFO  org.apache.catalina.core.ContainerBase.[Tomcat].[localhost].[/] - Initializing Spring embedded WebApplicationContext
00:20:41.590 [localhost-startStop-1] INFO  org.springframework.web.context.ContextLoader - Root WebApplicationContext: initialization completed in 557 ms
00:20:41.677 [localhost-startStop-1] INFO  org.apache.camel.impl.converter.DefaultTypeConverter - Type converters loaded (core: 195, classpath: 22)
00:20:42.498 [localhost-startStop-1] INFO  org.springframework.boot.web.servlet.FilterRegistrationBean - Mapping filter: 'characterEncodingFilter' to: [/*]
00:20:42.498 [localhost-startStop-1] INFO  org.springframework.boot.web.servlet.FilterRegistrationBean - Mapping filter: 'webMvcMetricsFilter' to: [/*]
00:20:42.498 [localhost-startStop-1] INFO  org.springframework.boot.web.servlet.FilterRegistrationBean - Mapping filter: 'hiddenHttpMethodFilter' to: [/*]
00:20:42.498 [localhost-startStop-1] INFO  org.springframework.boot.web.servlet.FilterRegistrationBean - Mapping filter: 'httpPutFormContentFilter' to: [/*]
00:20:42.498 [localhost-startStop-1] INFO  org.springframework.boot.web.servlet.FilterRegistrationBean - Mapping filter: 'requestContextFilter' to: [/*]
00:20:42.498 [localhost-startStop-1] INFO  org.springframework.boot.web.servlet.FilterRegistrationBean - Mapping filter: 'httpTraceFilter' to: [/*]
00:20:42.498 [localhost-startStop-1] INFO  org.springframework.boot.web.servlet.ServletRegistrationBean - Servlet CamelServlet mapped to [/case/*]
00:20:42.499 [localhost-startStop-1] INFO  org.springframework.boot.web.servlet.ServletRegistrationBean - Servlet dispatcherServlet mapped to [/]
00:20:42.499 [localhost-startStop-1] INFO  org.springframework.boot.web.servlet.ServletRegistrationBean - Servlet CamelServlet mapped to [/case]
00:20:42.499 [localhost-startStop-1] INFO  org.springframework.boot.web.servlet.RegistrationBean - Servlet CamelServlet was not registered (possibly already registered?)
00:20:42.546 [restartedMain] INFO  org.springframework.web.servlet.handler.SimpleUrlHandlerMapping - Mapped URL path [/**/favicon.ico] onto handler of type [class org.springframework.web.servlet.resource.ResourceHttpRequestHandler]
00:20:42.605 [restartedMain] INFO  org.springframework.web.servlet.mvc.method.annotation.RequestMappingHandlerAdapter - Looking for @ControllerAdvice: org.springframework.boot.web.servlet.context.AnnotationConfigServletWebServerApplicationContext@78aa406a: startup date [Mon May 04 00:20:41 CST 2020]; root of context hierarchy
00:20:42.621 [restartedMain] INFO  org.springframework.web.servlet.mvc.method.annotation.RequestMappingHandlerMapping - Mapped "{[/error]}" onto public org.springframework.http.ResponseEntity<java.util.Map<java.lang.String, java.lang.Object>> org.springframework.boot.autoconfigure.web.servlet.error.BasicErrorController.error(javax.servlet.http.HttpServletRequest)
00:20:42.621 [restartedMain] INFO  org.springframework.web.servlet.mvc.method.annotation.RequestMappingHandlerMapping - Mapped "{[/error],produces=[text/html]}" onto public org.springframework.web.servlet.ModelAndView org.springframework.boot.autoconfigure.web.servlet.error.BasicErrorController.errorHtml(javax.servlet.http.HttpServletRequest,javax.servlet.http.HttpServletResponse)
00:20:42.637 [restartedMain] INFO  org.springframework.web.servlet.handler.SimpleUrlHandlerMapping - Mapped URL path [/webjars/**] onto handler of type [class org.springframework.web.servlet.resource.ResourceHttpRequestHandler]
00:20:42.638 [restartedMain] INFO  org.springframework.web.servlet.handler.SimpleUrlHandlerMapping - Mapped URL path [/**] onto handler of type [class org.springframework.web.servlet.resource.ResourceHttpRequestHandler]
00:20:42.860 [restartedMain] INFO  org.springframework.boot.devtools.autoconfigure.OptionalLiveReloadServer - LiveReload server is running on port 35729
00:20:42.866 [restartedMain] INFO  org.springframework.boot.actuate.endpoint.web.EndpointLinksResolver - Exposing 2 endpoint(s) beneath base path '/actuator'
00:20:42.869 [restartedMain] INFO  org.springframework.boot.actuate.endpoint.web.servlet.WebMvcEndpointHandlerMapping - Mapped "{[/actuator/health],methods=[GET],produces=[application/vnd.spring-boot.actuator.v2+json || application/json]}" onto public java.lang.Object org.springframework.boot.actuate.endpoint.web.servlet.AbstractWebMvcEndpointHandlerMapping$OperationHandler.handle(javax.servlet.http.HttpServletRequest,java.util.Map<java.lang.String, java.lang.String>)
00:20:42.869 [restartedMain] INFO  org.springframework.boot.actuate.endpoint.web.servlet.WebMvcEndpointHandlerMapping - Mapped "{[/actuator/info],methods=[GET],produces=[application/vnd.spring-boot.actuator.v2+json || application/json]}" onto public java.lang.Object org.springframework.boot.actuate.endpoint.web.servlet.AbstractWebMvcEndpointHandlerMapping$OperationHandler.handle(javax.servlet.http.HttpServletRequest,java.util.Map<java.lang.String, java.lang.String>)
00:20:42.869 [restartedMain] INFO  org.springframework.boot.actuate.endpoint.web.servlet.WebMvcEndpointHandlerMapping - Mapped "{[/actuator],methods=[GET],produces=[application/vnd.spring-boot.actuator.v2+json || application/json]}" onto protected java.util.Map<java.lang.String, java.util.Map<java.lang.String, org.springframework.boot.actuate.endpoint.web.Link>> org.springframework.boot.actuate.endpoint.web.servlet.WebMvcEndpointHandlerMapping.links(javax.servlet.http.HttpServletRequest,javax.servlet.http.HttpServletResponse)
00:20:42.902 [restartedMain] INFO  org.springframework.jmx.export.annotation.AnnotationMBeanExporter - Registering beans for JMX exposure on startup
00:20:42.913 [restartedMain] INFO  org.apache.camel.spring.boot.RoutesCollector - Loading additional Camel XML routes from: classpath:camel/*.xml
00:20:42.913 [restartedMain] INFO  org.apache.camel.spring.boot.RoutesCollector - Loading additional Camel XML rests from: classpath:camel-rest/*.xml
00:20:42.913 [restartedMain] INFO  org.apache.camel.spring.SpringCamelContext - Apache Camel 2.22.1 (CamelContext: CamelCase) is starting
00:20:42.913 [restartedMain] INFO  org.apache.camel.management.ManagedManagementStrategy - JMX is enabled
00:20:42.983 [restartedMain] INFO  org.apache.camel.spring.SpringCamelContext - StreamCaching is not in use. If using streams then its recommended to enable stream caching. See more details at http://camel.apache.org/stream-caching.html
00:20:43.025 [restartedMain] INFO  org.apache.camel.component.jackson.JacksonDataFormat - Found single ObjectMapper in Registry to use: com.fasterxml.jackson.databind.ObjectMapper@648cfb29
00:20:43.026 [restartedMain] INFO  org.apache.camel.component.jackson.JacksonDataFormat - Found single ObjectMapper in Registry to use: com.fasterxml.jackson.databind.ObjectMapper@648cfb29
00:20:43.026 [restartedMain] INFO  org.apache.camel.component.jackson.JacksonDataFormat - Found single ObjectMapper in Registry to use: com.fasterxml.jackson.databind.ObjectMapper@648cfb29
00:20:43.026 [restartedMain] INFO  org.apache.camel.component.jackson.JacksonDataFormat - Found single ObjectMapper in Registry to use: com.fasterxml.jackson.databind.ObjectMapper@648cfb29
00:20:43.027 [restartedMain] INFO  org.apache.camel.component.jackson.JacksonDataFormat - Found single ObjectMapper in Registry to use: com.fasterxml.jackson.databind.ObjectMapper@648cfb29
00:20:43.027 [restartedMain] INFO  org.apache.camel.component.jackson.JacksonDataFormat - Found single ObjectMapper in Registry to use: com.fasterxml.jackson.databind.ObjectMapper@648cfb29
00:20:43.028 [restartedMain] INFO  org.apache.camel.spring.SpringCamelContext - Route: route10 started and consuming from: direct://mylog
00:20:43.028 [restartedMain] INFO  org.apache.camel.spring.SpringCamelContext - Route: route6 started and consuming from: servlet:/api/selectByBean?httpMethodRestrict=GET
00:20:43.029 [restartedMain] INFO  org.apache.camel.spring.SpringCamelContext - Route: route7 started and consuming from: servlet:/api/selectByBean/%7Bid%7D?httpMethodRestrict=GET
00:20:43.029 [restartedMain] INFO  org.apache.camel.spring.SpringCamelContext - Route: route8 started and consuming from: servlet:/api/selectById?httpMethodRestrict=GET
00:20:43.030 [restartedMain] INFO  org.apache.camel.spring.SpringCamelContext - Route: route9 started and consuming from: servlet:/case?httpMethodRestrict=GET&matchOnUriPrefix=true
00:20:43.030 [restartedMain] INFO  org.apache.camel.spring.SpringCamelContext - Total 5 routes, of which 5 are started
00:20:43.030 [restartedMain] INFO  org.apache.camel.spring.SpringCamelContext - Apache Camel 2.22.1 (CamelContext: CamelCase) started in 0.117 seconds
00:20:43.036 [restartedMain] INFO  org.apache.coyote.http11.Http11NioProtocol - Starting ProtocolHandler ["http-nio-8080"]
00:20:43.036 [restartedMain] INFO  org.apache.tomcat.util.net.NioSelectorPool - Using a shared selector for servlet write/read
00:20:43.038 [restartedMain] INFO  org.springframework.boot.web.embedded.tomcat.TomcatWebServer - Tomcat started on port(s): 8080 (http) with context path ''
00:20:43.039 [restartedMain] INFO  co.intella.camel.Application - Started Application in 2.045 seconds (JVM running for 239.601)
00:20:43.043 [restartedMain] INFO  org.springframework.boot.devtools.autoconfigure.ConditionEvaluationDeltaLoggingListener - Condition evaluation unchanged
00:20:45.457 [http-nio-8080-exec-1] INFO  org.apache.camel.component.servlet.CamelHttpTransportServlet - Initialized CamelHttpTransportServlet[name=CamelServlet, contextPath=]
00:20:45.695 [http-nio-8080-exec-2] INFO  org.apache.catalina.core.ContainerBase.[Tomcat].[localhost].[/] - Initializing Spring FrameworkServlet 'dispatcherServlet'
00:20:45.695 [http-nio-8080-exec-2] INFO  org.springframework.web.servlet.DispatcherServlet - FrameworkServlet 'dispatcherServlet': initialization started
00:20:45.701 [http-nio-8080-exec-2] INFO  org.springframework.web.servlet.DispatcherServlet - FrameworkServlet 'dispatcherServlet': initialization completed in 6 ms
00:24:16.794 [RMI TCP Connection(3)-127.0.0.1] INFO  org.springframework.boot.admin.SpringApplicationAdminMXBeanRegistrar$SpringApplicationAdmin - Application shutdown requested.
00:24:16.794 [RMI TCP Connection(3)-127.0.0.1] INFO  org.springframework.boot.web.servlet.context.AnnotationConfigServletWebServerApplicationContext - Closing org.springframework.boot.web.servlet.context.AnnotationConfigServletWebServerApplicationContext@78aa406a: startup date [Mon May 04 00:20:41 CST 2020]; root of context hierarchy
00:24:16.796 [RMI TCP Connection(3)-127.0.0.1] INFO  org.springframework.context.support.DefaultLifecycleProcessor - Stopping beans in phase 2147483647
00:24:16.796 [RMI TCP Connection(3)-127.0.0.1] INFO  org.apache.camel.spring.SpringCamelContext - Apache Camel 2.22.1 (CamelContext: CamelCase) is shutting down
00:24:16.796 [RMI TCP Connection(3)-127.0.0.1] INFO  org.apache.camel.impl.DefaultShutdownStrategy - Starting to graceful shutdown 5 routes (timeout 300 seconds)
00:24:16.797 [Camel (CamelCase) thread #35 - ShutdownTask] INFO  org.apache.camel.impl.DefaultShutdownStrategy - Route: route9 shutdown complete, was consuming from: servlet:/case?httpMethodRestrict=GET&matchOnUriPrefix=true
00:24:16.797 [Camel (CamelCase) thread #35 - ShutdownTask] INFO  org.apache.camel.impl.DefaultShutdownStrategy - Route: route8 shutdown complete, was consuming from: servlet:/api/selectById?httpMethodRestrict=GET
00:24:16.798 [Camel (CamelCase) thread #35 - ShutdownTask] INFO  org.apache.camel.impl.DefaultShutdownStrategy - Route: route7 shutdown complete, was consuming from: servlet:/api/selectByBean/%7Bid%7D?httpMethodRestrict=GET
00:24:16.798 [Camel (CamelCase) thread #35 - ShutdownTask] INFO  org.apache.camel.impl.DefaultShutdownStrategy - Route: route6 shutdown complete, was consuming from: servlet:/api/selectByBean?httpMethodRestrict=GET
00:24:16.798 [Camel (CamelCase) thread #35 - ShutdownTask] INFO  org.apache.camel.impl.DefaultShutdownStrategy - Route: route10 shutdown complete, was consuming from: direct://mylog
00:24:16.798 [RMI TCP Connection(3)-127.0.0.1] INFO  org.apache.camel.impl.DefaultShutdownStrategy - Graceful shutdown of 5 routes completed in 0 seconds
00:24:16.803 [RMI TCP Connection(3)-127.0.0.1] INFO  org.apache.camel.spring.SpringCamelContext - Apache Camel 2.22.1 (CamelContext: CamelCase) uptime 3 minutes
00:24:16.803 [RMI TCP Connection(3)-127.0.0.1] INFO  org.apache.camel.spring.SpringCamelContext - Apache Camel 2.22.1 (CamelContext: CamelCase) is shutdown in 0.007 seconds
00:24:16.803 [RMI TCP Connection(3)-127.0.0.1] INFO  org.springframework.jmx.export.annotation.AnnotationMBeanExporter - Unregistering JMX-exposed beans on shutdown
00:24:16.869 [localhost-startStop-2] INFO  org.apache.camel.component.servlet.CamelHttpTransportServlet - Destroyed CamelHttpTransportServlet[CamelServlet]
